#
# There is insufficient memory for the Java Runtime Environment to continue.
# Native memory allocation (mmap) failed to map 65536 bytes for Failed to commit metaspace.
# Possible reasons:
#   The system is out of physical RAM or swap space
#   The process is running with CompressedOops enabled, and the Java Heap may be blocking the growth of the native heap
# Possible solutions:
#   Reduce memory load on the system
#   Increase physical memory or swap space
#   Check if swap backing store is full
#   Decrease Java heap size (-Xmx/-Xms)
#   Decrease number of Java threads
#   Decrease Java thread stack sizes (-Xss)
#   Set larger code cache with -XX:ReservedCodeCacheSize=
#   JVM is running with Zero Based Compressed Oops mode in which the Java heap is
#     placed in the first 32GB address space. The Java Heap base address is the
#     maximum limit for the native heap growth. Please use -XX:HeapBaseMinAddress
#     to set the Java Heap base and to place the Java Heap above 32GB virtual address.
# This output file may be truncated or incomplete.
#
#  Out of Memory Error (virtualSpaceNode.cpp:110), pid=6012, tid=808
#
# JRE version: OpenJDK Runtime Environment Corretto-18.0.2.9.1 (18.0.2+9) (build 18.0.2+9-FR)
# Java VM: OpenJDK 64-Bit Server VM Corretto-18.0.2.9.1 (18.0.2+9-FR, mixed mode, emulated-client, sharing, tiered, compressed oops, compressed class ptrs, g1 gc, windows-amd64)
# No core dump will be written. Minidumps are not enabled by default on client versions of Windows
#

---------------  S U M M A R Y ------------

Command Line: -XX:TieredStopAtLevel=1 -Xverify:none -Dspring.output.ansi.enabled=always -javaagent:C:\Program Files\JetBrains\IntelliJ IDEA 2021.2.3\lib\idea_rt.jar=60235:C:\Program Files\JetBrains\IntelliJ IDEA 2021.2.3\bin -Dcom.sun.management.jmxremote -Dspring.jmx.enabled=true -Dspring.liveBeansView.mbeanDomain -Dspring.application.admin.enabled=true -Dfile.encoding=UTF-8 com.softserve.itacademy.ToDoListApplication

Host: Intel(R) Core(TM) i5-3470 CPU @ 3.20GHz, 4 cores, 15G,  Windows 10 , 64 bit Build 18362 (10.0.18362.1110)
Time: Wed Jan 18 21:38:14 2023 FLE Standard Time elapsed time: 1.625071 seconds (0d 0h 0m 1s)

---------------  T H R E A D  ---------------

Current thread (0x00000205cb30ac70):  JavaThread "main" [_thread_in_vm, id=808, stack(0x000000d89f800000,0x000000d89f900000)]

Stack: [0x000000d89f800000,0x000000d89f900000]
Native frames: (J=compiled Java code, j=interpreted, Vv=VM code, C=native code)
V  [jvm.dll+0x685a2a]
V  [jvm.dll+0x82ae8d]
V  [jvm.dll+0x82c75e]
V  [jvm.dll+0x82ce03]
V  [jvm.dll+0x25ef4b]
V  [jvm.dll+0x826bdb]
V  [jvm.dll+0x62d206]
V  [jvm.dll+0x1dd6de]
V  [jvm.dll+0x62fa7e]
V  [jvm.dll+0x62f88e]
V  [jvm.dll+0x62dbc5]
V  [jvm.dll+0x6377c7]
V  [jvm.dll+0x207486]
V  [jvm.dll+0x207915]
V  [jvm.dll+0x208351]
V  [jvm.dll+0x1fde59]
V  [jvm.dll+0x54c245]
V  [jvm.dll+0x7a896f]
V  [jvm.dll+0x7a8a54]
V  [jvm.dll+0x424844]
V  [jvm.dll+0x42a218]
C  [java.dll+0x17ec]

Java frames: (J=compiled Java code, j=interpreted, Vv=VM code)
J 1218  java.lang.ClassLoader.defineClass1(Ljava/lang/ClassLoader;Ljava/lang/String;[BIILjava/security/ProtectionDomain;Ljava/lang/String;)Ljava/lang/Class; java.base@18.0.2 (0 bytes) @ 0x00000205d329f863 [0x00000205d329f7a0+0x00000000000000c3]
J 1284 c1 java.lang.ClassLoader.defineClass(Ljava/lang/String;[BIILjava/security/ProtectionDomain;)Ljava/lang/Class; java.base@18.0.2 (43 bytes) @ 0x00000205d32bd46c [0x00000205d32bd360+0x000000000000010c]
J 1240 c1 jdk.internal.loader.BuiltinClassLoader.defineClass(Ljava/lang/String;Ljdk/internal/loader/Resource;)Ljava/lang/Class; java.base@18.0.2 (121 bytes) @ 0x00000205d32ac174 [0x00000205d32abca0+0x00000000000004d4]
J 1220 c1 jdk.internal.loader.BuiltinClassLoader.findClassOnClassPathOrNull(Ljava/lang/String;)Ljava/lang/Class; java.base@18.0.2 (64 bytes) @ 0x00000205d32a0664 [0x00000205d32a03c0+0x00000000000002a4]
J 1057 c1 jdk.internal.loader.BuiltinClassLoader.loadClassOrNull(Ljava/lang/String;Z)Ljava/lang/Class; java.base@18.0.2 (143 bytes) @ 0x00000205d3259e34 [0x00000205d3259a60+0x00000000000003d4]
J 1128 c1 jdk.internal.loader.ClassLoaders$AppClassLoader.loadClass(Ljava/lang/String;Z)Ljava/lang/Class; java.base@18.0.2 (40 bytes) @ 0x00000205d327957c [0x00000205d3279540+0x000000000000003c]
J 1122 c1 java.lang.ClassLoader.loadClass(Ljava/lang/String;)Ljava/lang/Class; java.base@18.0.2 (7 bytes) @ 0x00000205d3276964 [0x00000205d3276920+0x0000000000000044]
v  ~StubRoutines::call_stub
J 1218  java.lang.ClassLoader.defineClass1(Ljava/lang/ClassLoader;Ljava/lang/String;[BIILjava/security/ProtectionDomain;Ljava/lang/String;)Ljava/lang/Class; java.base@18.0.2 (0 bytes) @ 0x00000205d329f863 [0x00000205d329f7a0+0x00000000000000c3]
J 1284 c1 java.lang.ClassLoader.defineClass(Ljava/lang/String;[BIILjava/security/ProtectionDomain;)Ljava/lang/Class; java.base@18.0.2 (43 bytes) @ 0x00000205d32bd46c [0x00000205d32bd360+0x000000000000010c]
J 1240 c1 jdk.internal.loader.BuiltinClassLoader.defineClass(Ljava/lang/String;Ljdk/internal/loader/Resource;)Ljava/lang/Class; java.base@18.0.2 (121 bytes) @ 0x00000205d32ac174 [0x00000205d32abca0+0x00000000000004d4]
J 1220 c1 jdk.internal.loader.BuiltinClassLoader.findClassOnClassPathOrNull(Ljava/lang/String;)Ljava/lang/Class; java.base@18.0.2 (64 bytes) @ 0x00000205d32a0664 [0x00000205d32a03c0+0x00000000000002a4]
J 1057 c1 jdk.internal.loader.BuiltinClassLoader.loadClassOrNull(Ljava/lang/String;Z)Ljava/lang/Class; java.base@18.0.2 (143 bytes) @ 0x00000205d3259e34 [0x00000205d3259a60+0x00000000000003d4]
J 1128 c1 jdk.internal.loader.ClassLoaders$AppClassLoader.loadClass(Ljava/lang/String;Z)Ljava/lang/Class; java.base@18.0.2 (40 bytes) @ 0x00000205d327957c [0x00000205d3279540+0x000000000000003c]
J 1122 c1 java.lang.ClassLoader.loadClass(Ljava/lang/String;)Ljava/lang/Class; java.base@18.0.2 (7 bytes) @ 0x00000205d3276964 [0x00000205d3276920+0x0000000000000044]
v  ~StubRoutines::call_stub
j  org.springframework.beans.factory.support.DefaultListableBeanFactory.doGetBeanNamesForType(Lorg/springframework/core/ResolvableType;ZZ)[Ljava/lang/String;+111
j  org.springframework.beans.factory.support.DefaultListableBeanFactory.getBeanNamesForType(Ljava/lang/Class;ZZ)[Ljava/lang/String;+22
j  org.springframework.boot.autoconfigure.condition.OnBeanCondition.collectBeanNamesForType(Lorg/springframework/beans/factory/ListableBeanFactory;ZLjava/lang/Class;Ljava/util/Set;Ljava/util/Set;)Ljava/util/Set;+6
j  org.springframework.boot.autoconfigure.condition.OnBeanCondition.getBeanNamesForType(Lorg/springframework/beans/factory/ListableBeanFactory;ZLjava/lang/Class;Ljava/util/Set;)Ljava/util/Set;+7
j  org.springframework.boot.autoconfigure.condition.OnBeanCondition.getBeanNamesForType(Ljava/lang/ClassLoader;ZLorg/springframework/beans/factory/ListableBeanFactory;Ljava/lang/String;Ljava/util/Set;)Ljava/util/Set;+11
j  org.springframework.boot.autoconfigure.condition.OnBeanCondition.getMatchingBeans(Lorg/springframework/context/annotation/ConditionContext;Lorg/springframework/boot/autoconfigure/condition/OnBeanCondition$Spec;)Lorg/springframework/boot/autoconfigure/condition/OnBeanCondition$MatchResult;+143
j  org.springframework.boot.autoconfigure.condition.OnBeanCondition.getMatchOutcome(Lorg/springframework/context/annotation/ConditionContext;Lorg/springframework/core/type/AnnotatedTypeMetadata;)Lorg/springframework/boot/autoconfigure/condition/ConditionOutcome;+279
j  org.springframework.boot.autoconfigure.condition.SpringBootCondition.matches(Lorg/springframework/context/annotation/ConditionContext;Lorg/springframework/core/type/AnnotatedTypeMetadata;)Z+8
j  org.springframework.context.annotation.ConditionEvaluator.shouldSkip(Lorg/springframework/core/type/AnnotatedTypeMetadata;Lorg/springframework/context/annotation/ConfigurationCondition$ConfigurationPhase;)Z+235
j  org.springframework.context.annotation.ConfigurationClassBeanDefinitionReader.loadBeanDefinitionsForBeanMethod(Lorg/springframework/context/annotation/BeanMethod;)V+26
j  org.springframework.context.annotation.ConfigurationClassBeanDefinitionReader.loadBeanDefinitionsForConfigurationClass(Lorg/springframework/context/annotation/ConfigurationClass;Lorg/springframework/context/annotation/ConfigurationClassBeanDefinitionReader$TrackedConditionEvaluator;)V+107
j  org.springframework.context.annotation.ConfigurationClassBeanDefinitionReader.loadBeanDefinitions(Ljava/util/Set;)V+41
j  org.springframework.context.annotation.ConfigurationClassPostProcessor.processConfigBeanDefinitions(Lorg/springframework/beans/factory/support/BeanDefinitionRegistry;)V+373
j  org.springframework.context.annotation.ConfigurationClassPostProcessor.postProcessBeanDefinitionRegistry(Lorg/springframework/beans/factory/support/BeanDefinitionRegistry;)V+107
j  org.springframework.context.support.PostProcessorRegistrationDelegate.invokeBeanDefinitionRegistryPostProcessors(Ljava/util/Collection;Lorg/springframework/beans/factory/support/BeanDefinitionRegistry;)V+28
j  org.springframework.context.support.PostProcessorRegistrationDelegate.invokeBeanFactoryPostProcessors(Lorg/springframework/beans/factory/config/ConfigurableListableBeanFactory;Ljava/util/List;)V+229
j  org.springframework.context.support.AbstractApplicationContext.invokeBeanFactoryPostProcessors(Lorg/springframework/beans/factory/config/ConfigurableListableBeanFactory;)V+5
j  org.springframework.context.support.AbstractApplicationContext.refresh()V+28
j  org.springframework.boot.web.servlet.context.ServletWebServerApplicationContext.refresh()V+1
j  org.springframework.boot.SpringApplication.refresh(Lorg/springframework/context/ConfigurableApplicationContext;)V+1
j  org.springframework.boot.SpringApplication.refresh(Lorg/springframework/context/ApplicationContext;)V+11
j  org.springframework.boot.SpringApplication.refreshContext(Lorg/springframework/context/ConfigurableApplicationContext;)V+2
j  org.springframework.boot.SpringApplication.run([Ljava/lang/String;)Lorg/springframework/context/ConfigurableApplicationContext;+118
j  org.springframework.boot.SpringApplication.run([Ljava/lang/Class;[Ljava/lang/String;)Lorg/springframework/context/ConfigurableApplicationContext;+9
j  org.springframework.boot.SpringApplication.run(Ljava/lang/Class;[Ljava/lang/String;)Lorg/springframework/context/ConfigurableApplicationContext;+9
j  com.softserve.itacademy.ToDoListApplication.main([Ljava/lang/String;)V+3
v  ~StubRoutines::call_stub

---------------  P R O C E S S  ---------------

Threads class SMR info:
_java_thread_list=0x00000205e67f0810, length=18, elements={
0x00000205cb30ac70, 0x00000205e19f4e60, 0x00000205e19f6260, 0x00000205e1a122f0,
0x00000205e1a13bb0, 0x00000205e1a14550, 0x00000205e1a14ef0, 0x00000205e1a15890,
0x00000205e1a4c900, 0x00000205e1a98a50, 0x00000205e19df730, 0x00000205e1a9dff0,
0x00000205e60130d0, 0x00000205e6016e40, 0x00000205e6197ec0, 0x00000205e65a7650,
0x00000205e672c9c0, 0x00000205e7284400
}

Java Threads: ( => current thread )
=>0x00000205cb30ac70 JavaThread "main" [_thread_in_vm, id=808, stack(0x000000d89f800000,0x000000d89f900000)]
  0x00000205e19f4e60 JavaThread "Reference Handler" daemon [_thread_blocked, id=10684, stack(0x000000d8a0000000,0x000000d8a0100000)]
  0x00000205e19f6260 JavaThread "Finalizer" daemon [_thread_blocked, id=8772, stack(0x000000d8a0100000,0x000000d8a0200000)]
  0x00000205e1a122f0 JavaThread "Signal Dispatcher" daemon [_thread_blocked, id=2592, stack(0x000000d8a0200000,0x000000d8a0300000)]
  0x00000205e1a13bb0 JavaThread "Attach Listener" daemon [_thread_blocked, id=10496, stack(0x000000d8a0300000,0x000000d8a0400000)]
  0x00000205e1a14550 JavaThread "Service Thread" daemon [_thread_blocked, id=12992, stack(0x000000d8a0400000,0x000000d8a0500000)]
  0x00000205e1a14ef0 JavaThread "Monitor Deflation Thread" daemon [_thread_blocked, id=2676, stack(0x000000d8a0500000,0x000000d8a0600000)]
  0x00000205e1a15890 JavaThread "C1 CompilerThread0" daemon [_thread_blocked, id=12688, stack(0x000000d8a0600000,0x000000d8a0700000)]
  0x00000205e1a4c900 JavaThread "Sweeper thread" daemon [_thread_blocked, id=12000, stack(0x000000d8a0700000,0x000000d8a0800000)]
  0x00000205e1a98a50 JavaThread "Common-Cleaner" daemon [_thread_blocked, id=13144, stack(0x000000d8a0800000,0x000000d8a0900000)]
  0x00000205e19df730 JavaThread "C1 CompilerThread1" daemon [_thread_blocked, id=5168, stack(0x000000d8a0900000,0x000000d8a0a00000)]
  0x00000205e1a9dff0 JavaThread "C1 CompilerThread2" daemon [_thread_blocked, id=1956, stack(0x000000d8a0a00000,0x000000d8a0b00000)]
  0x00000205e60130d0 JavaThread "Monitor Ctrl-Break" daemon [_thread_in_native, id=12544, stack(0x000000d8a0b00000,0x000000d8a0c00000)]
  0x00000205e6016e40 JavaThread "Notification Thread" daemon [_thread_blocked, id=11300, stack(0x000000d8a0c00000,0x000000d8a0d00000)]
  0x00000205e6197ec0 JavaThread "RMI TCP Accept-0" daemon [_thread_in_native, id=9076, stack(0x000000d8a0d00000,0x000000d8a0e00000)]
  0x00000205e65a7650 JavaThread "RMI TCP Connection(1)-192.168.56.1" daemon [_thread_in_native, id=4864, stack(0x000000d8a1400000,0x000000d8a1500000)]
  0x00000205e672c9c0 JavaThread "RMI Scheduler(0)" daemon [_thread_blocked, id=3856, stack(0x000000d8a1500000,0x000000d8a1600000)]
  0x00000205e7284400 JavaThread "JMX server connection timeout 22" daemon [_thread_in_vm, id=1252, stack(0x000000d8a1300000,0x000000d8a1400000)]

Other Threads:
  0x00000205e19f16c0 VMThread "VM Thread" [stack: 0x000000d89ff00000,0x000000d8a0000000] [id=11432]
  0x00000205cb30bc10 WatcherThread "VM Periodic Task Thread" [stack: 0x000000d8a0e00000,0x000000d8a0f00000] [id=8388]
  0x00000205cb37b630 WorkerThread "GC Thread#0" [stack: 0x000000d89fa00000,0x000000d89fb00000] [id=7124]
  0x00000205e61b6d60 WorkerThread "GC Thread#1" [stack: 0x000000d8a0f00000,0x000000d8a1000000] [id=7336]
  0x00000205e61cbfb0 WorkerThread "GC Thread#2" [stack: 0x000000d8a1000000,0x000000d8a1100000] [id=4872]
  0x00000205e61cc250 WorkerThread "GC Thread#3" [stack: 0x000000d8a1100000,0x000000d8a1200000] [id=2412]
  0x00000205cb38c4b0 ConcurrentGCThread "G1 Main Marker" [stack: 0x000000d89fb00000,0x000000d89fc00000] [id=10512]
  0x00000205cb38cea0 WorkerThread "G1 Conc#0" [stack: 0x000000d89fc00000,0x000000d89fd00000] [id=11096]
  0x00000205cb3beab0 ConcurrentGCThread "G1 Refine#0" [stack: 0x000000d89fd00000,0x000000d89fe00000] [id=5336]
  0x00000205e61cc970 ConcurrentGCThread "G1 Refine#1" [stack: 0x000000d8a1200000,0x000000d8a1300000] [id=4436]
  0x00000205e18ad4d0 ConcurrentGCThread "G1 Service" [stack: 0x000000d89fe00000,0x000000d89ff00000] [id=8164]

Threads with active compile tasks:

VM state: not at safepoint (normal execution)

VM Mutex/Monitor currently owned by a thread:  ([mutex/lock_event])
[0x00000205cb3056c0] Metaspace_lock - owner thread: 0x00000205cb30ac70

OutOfMemory and StackOverflow Exception counts:
OutOfMemoryError java_heap_errors=1
LinkageErrors=51

Heap address: 0x0000000700a00000, size: 4086 MB, Compressed Oops mode: Zero based, Oop shift amount: 3

CDS archive(s) mapped at: [0x0000000800000000-0x0000000800ba0000-0x0000000800ba0000), size 12189696, SharedBaseAddress: 0x0000000800000000, ArchiveRelocationMode: 0.
Compressed class space mapped at: 0x0000000800c00000-0x0000000840c00000, reserved size: 1073741824
Narrow klass base: 0x0000000800000000, Narrow klass shift: 0, Narrow klass range: 0x100000000

GC Precious Log:
 CardTable entry size: 512
 Card Set container configuration: InlinePtr #cards 4 size 8 Array Of Cards #cards 16 size 48 Howl #buckets 8 coarsen threshold 3686 Howl Bitmap #cards 512 size 80 coarsen threshold 460 Card regions per heap region 1 cards per card region 4096
 CPUs: 4 total, 4 available
 Memory: 16340M
 Large Page Support: Disabled
 NUMA Support: Disabled
 Compressed Oops: Enabled (Zero based)
 Heap Region Size: 2M
 Heap Min Capacity: 8M
 Heap Initial Capacity: 256M
 Heap Max Capacity: 4086M
 Pre-touch: Disabled
 Parallel Workers: 4
 Concurrent Workers: 1
 Concurrent Refinement Workers: 4
 Periodic GC: Disabled

Heap:
 garbage-first heap   total 262144K, used 50042K [0x0000000700a00000, 0x0000000800000000)
  region size 2048K, 24 young (49152K), 2 survivors (4096K)
 Metaspace       used 18645K, committed 18944K, reserved 1114112K
  class space    used 2476K, committed 2624K, reserved 1048576K

Heap Regions: E=young(eden), S=young(survivor), O=old, HS=humongous(starts), HC=humongous(continues), CS=collection set, F=free, OA=open archive, CA=closed archive, TAMS=top-at-mark-start (previous, next)
|   0|0x0000000700a00000, 0x0000000700c00000, 0x0000000700c00000|100%| O|  |TAMS 0x0000000700a00000, 0x0000000700a00000| Untracked 
|   1|0x0000000700c00000, 0x0000000700e00000, 0x0000000700e00000|100%| O|  |TAMS 0x0000000700c00000, 0x0000000700c00000| Untracked 
|   2|0x0000000700e00000, 0x0000000700f7ec00, 0x0000000701000000| 74%| O|  |TAMS 0x0000000700e00000, 0x0000000700e00000| Untracked 
|   3|0x0000000701000000, 0x0000000701000000, 0x0000000701200000|  0%| F|  |TAMS 0x0000000701000000, 0x0000000701000000| Untracked 
|   4|0x0000000701200000, 0x0000000701200000, 0x0000000701400000|  0%| F|  |TAMS 0x0000000701200000, 0x0000000701200000| Untracked 
|   5|0x0000000701400000, 0x0000000701400000, 0x0000000701600000|  0%| F|  |TAMS 0x0000000701400000, 0x0000000701400000| Untracked 
|   6|0x0000000701600000, 0x0000000701600000, 0x0000000701800000|  0%| F|  |TAMS 0x0000000701600000, 0x0000000701600000| Untracked 
|   7|0x0000000701800000, 0x0000000701800000, 0x0000000701a00000|  0%| F|  |TAMS 0x0000000701800000, 0x0000000701800000| Untracked 
|   8|0x0000000701a00000, 0x0000000701a00000, 0x0000000701c00000|  0%| F|  |TAMS 0x0000000701a00000, 0x0000000701a00000| Untracked 
|   9|0x0000000701c00000, 0x0000000701c00000, 0x0000000701e00000|  0%| F|  |TAMS 0x0000000701c00000, 0x0000000701c00000| Untracked 
|  10|0x0000000701e00000, 0x0000000701e00000, 0x0000000702000000|  0%| F|  |TAMS 0x0000000701e00000, 0x0000000701e00000| Untracked 
|  11|0x0000000702000000, 0x0000000702000000, 0x0000000702200000|  0%| F|  |TAMS 0x0000000702000000, 0x0000000702000000| Untracked 
|  12|0x0000000702200000, 0x0000000702200000, 0x0000000702400000|  0%| F|  |TAMS 0x0000000702200000, 0x0000000702200000| Untracked 
|  13|0x0000000702400000, 0x0000000702400000, 0x0000000702600000|  0%| F|  |TAMS 0x0000000702400000, 0x0000000702400000| Untracked 
|  14|0x0000000702600000, 0x0000000702600000, 0x0000000702800000|  0%| F|  |TAMS 0x0000000702600000, 0x0000000702600000| Untracked 
|  15|0x0000000702800000, 0x0000000702800000, 0x0000000702a00000|  0%| F|  |TAMS 0x0000000702800000, 0x0000000702800000| Untracked 
|  16|0x0000000702a00000, 0x0000000702a00000, 0x0000000702c00000|  0%| F|  |TAMS 0x0000000702a00000, 0x0000000702a00000| Untracked 
|  17|0x0000000702c00000, 0x0000000702c00000, 0x0000000702e00000|  0%| F|  |TAMS 0x0000000702c00000, 0x0000000702c00000| Untracked 
|  18|0x0000000702e00000, 0x0000000702e00000, 0x0000000703000000|  0%| F|  |TAMS 0x0000000702e00000, 0x0000000702e00000| Untracked 
|  19|0x0000000703000000, 0x0000000703000000, 0x0000000703200000|  0%| F|  |TAMS 0x0000000703000000, 0x0000000703000000| Untracked 
|  20|0x0000000703200000, 0x0000000703200000, 0x0000000703400000|  0%| F|  |TAMS 0x0000000703200000, 0x0000000703200000| Untracked 
|  21|0x0000000703400000, 0x0000000703400000, 0x0000000703600000|  0%| F|  |TAMS 0x0000000703400000, 0x0000000703400000| Untracked 
|  22|0x0000000703600000, 0x0000000703600000, 0x0000000703800000|  0%| F|  |TAMS 0x0000000703600000, 0x0000000703600000| Untracked 
|  23|0x0000000703800000, 0x0000000703800000, 0x0000000703a00000|  0%| F|  |TAMS 0x0000000703800000, 0x0000000703800000| Untracked 
|  24|0x0000000703a00000, 0x0000000703a00000, 0x0000000703c00000|  0%| F|  |TAMS 0x0000000703a00000, 0x0000000703a00000| Untracked 
|  25|0x0000000703c00000, 0x0000000703c00000, 0x0000000703e00000|  0%| F|  |TAMS 0x0000000703c00000, 0x0000000703c00000| Untracked 
|  26|0x0000000703e00000, 0x0000000703e00000, 0x0000000704000000|  0%| F|  |TAMS 0x0000000703e00000, 0x0000000703e00000| Untracked 
|  27|0x0000000704000000, 0x0000000704000000, 0x0000000704200000|  0%| F|  |TAMS 0x0000000704000000, 0x0000000704000000| Untracked 
|  28|0x0000000704200000, 0x0000000704200000, 0x0000000704400000|  0%| F|  |TAMS 0x0000000704200000, 0x0000000704200000| Untracked 
|  29|0x0000000704400000, 0x0000000704400000, 0x0000000704600000|  0%| F|  |TAMS 0x0000000704400000, 0x0000000704400000| Untracked 
|  30|0x0000000704600000, 0x0000000704600000, 0x0000000704800000|  0%| F|  |TAMS 0x0000000704600000, 0x0000000704600000| Untracked 
|  31|0x0000000704800000, 0x0000000704800000, 0x0000000704a00000|  0%| F|  |TAMS 0x0000000704800000, 0x0000000704800000| Untracked 
|  32|0x0000000704a00000, 0x0000000704a00000, 0x0000000704c00000|  0%| F|  |TAMS 0x0000000704a00000, 0x0000000704a00000| Untracked 
|  33|0x0000000704c00000, 0x0000000704c00000, 0x0000000704e00000|  0%| F|  |TAMS 0x0000000704c00000, 0x0000000704c00000| Untracked 
|  34|0x0000000704e00000, 0x0000000704e00000, 0x0000000705000000|  0%| F|  |TAMS 0x0000000704e00000, 0x0000000704e00000| Untracked 
|  35|0x0000000705000000, 0x0000000705000000, 0x0000000705200000|  0%| F|  |TAMS 0x0000000705000000, 0x0000000705000000| Untracked 
|  36|0x0000000705200000, 0x0000000705200000, 0x0000000705400000|  0%| F|  |TAMS 0x0000000705200000, 0x0000000705200000| Untracked 
|  37|0x0000000705400000, 0x0000000705400000, 0x0000000705600000|  0%| F|  |TAMS 0x0000000705400000, 0x0000000705400000| Untracked 
|  38|0x0000000705600000, 0x0000000705600000, 0x0000000705800000|  0%| F|  |TAMS 0x0000000705600000, 0x0000000705600000| Untracked 
|  39|0x0000000705800000, 0x0000000705800000, 0x0000000705a00000|  0%| F|  |TAMS 0x0000000705800000, 0x0000000705800000| Untracked 
|  40|0x0000000705a00000, 0x0000000705a00000, 0x0000000705c00000|  0%| F|  |TAMS 0x0000000705a00000, 0x0000000705a00000| Untracked 
|  41|0x0000000705c00000, 0x0000000705c00000, 0x0000000705e00000|  0%| F|  |TAMS 0x0000000705c00000, 0x0000000705c00000| Untracked 
|  42|0x0000000705e00000, 0x0000000705e00000, 0x0000000706000000|  0%| F|  |TAMS 0x0000000705e00000, 0x0000000705e00000| Untracked 
|  43|0x0000000706000000, 0x0000000706000000, 0x0000000706200000|  0%| F|  |TAMS 0x0000000706000000, 0x0000000706000000| Untracked 
|  44|0x0000000706200000, 0x0000000706200000, 0x0000000706400000|  0%| F|  |TAMS 0x0000000706200000, 0x0000000706200000| Untracked 
|  45|0x0000000706400000, 0x0000000706400000, 0x0000000706600000|  0%| F|  |TAMS 0x0000000706400000, 0x0000000706400000| Untracked 
|  46|0x0000000706600000, 0x0000000706600000, 0x0000000706800000|  0%| F|  |TAMS 0x0000000706600000, 0x0000000706600000| Untracked 
|  47|0x0000000706800000, 0x0000000706800000, 0x0000000706a00000|  0%| F|  |TAMS 0x0000000706800000, 0x0000000706800000| Untracked 
|  48|0x0000000706a00000, 0x0000000706a00000, 0x0000000706c00000|  0%| F|  |TAMS 0x0000000706a00000, 0x0000000706a00000| Untracked 
|  49|0x0000000706c00000, 0x0000000706c00000, 0x0000000706e00000|  0%| F|  |TAMS 0x0000000706c00000, 0x0000000706c00000| Untracked 
|  50|0x0000000706e00000, 0x0000000706e00000, 0x0000000707000000|  0%| F|  |TAMS 0x0000000706e00000, 0x0000000706e00000| Untracked 
|  51|0x0000000707000000, 0x0000000707000000, 0x0000000707200000|  0%| F|  |TAMS 0x0000000707000000, 0x0000000707000000| Untracked 
|  52|0x0000000707200000, 0x0000000707200000, 0x0000000707400000|  0%| F|  |TAMS 0x0000000707200000, 0x0000000707200000| Untracked 
|  53|0x0000000707400000, 0x0000000707400000, 0x0000000707600000|  0%| F|  |TAMS 0x0000000707400000, 0x0000000707400000| Untracked 
|  54|0x0000000707600000, 0x0000000707600000, 0x0000000707800000|  0%| F|  |TAMS 0x0000000707600000, 0x0000000707600000| Untracked 
|  55|0x0000000707800000, 0x0000000707800000, 0x0000000707a00000|  0%| F|  |TAMS 0x0000000707800000, 0x0000000707800000| Untracked 
|  56|0x0000000707a00000, 0x0000000707a00000, 0x0000000707c00000|  0%| F|  |TAMS 0x0000000707a00000, 0x0000000707a00000| Untracked 
|  57|0x0000000707c00000, 0x0000000707c00000, 0x0000000707e00000|  0%| F|  |TAMS 0x0000000707c00000, 0x0000000707c00000| Untracked 
|  58|0x0000000707e00000, 0x0000000707e00000, 0x0000000708000000|  0%| F|  |TAMS 0x0000000707e00000, 0x0000000707e00000| Untracked 
|  59|0x0000000708000000, 0x0000000708000000, 0x0000000708200000|  0%| F|  |TAMS 0x0000000708000000, 0x0000000708000000| Untracked 
|  60|0x0000000708200000, 0x0000000708200000, 0x0000000708400000|  0%| F|  |TAMS 0x0000000708200000, 0x0000000708200000| Untracked 
|  61|0x0000000708400000, 0x0000000708400000, 0x0000000708600000|  0%| F|  |TAMS 0x0000000708400000, 0x0000000708400000| Untracked 
|  62|0x0000000708600000, 0x0000000708600000, 0x0000000708800000|  0%| F|  |TAMS 0x0000000708600000, 0x0000000708600000| Untracked 
|  63|0x0000000708800000, 0x0000000708800000, 0x0000000708a00000|  0%| F|  |TAMS 0x0000000708800000, 0x0000000708800000| Untracked 
|  64|0x0000000708a00000, 0x0000000708a00000, 0x0000000708c00000|  0%| F|  |TAMS 0x0000000708a00000, 0x0000000708a00000| Untracked 
|  65|0x0000000708c00000, 0x0000000708c00000, 0x0000000708e00000|  0%| F|  |TAMS 0x0000000708c00000, 0x0000000708c00000| Untracked 
|  66|0x0000000708e00000, 0x0000000708e00000, 0x0000000709000000|  0%| F|  |TAMS 0x0000000708e00000, 0x0000000708e00000| Untracked 
|  67|0x0000000709000000, 0x0000000709000000, 0x0000000709200000|  0%| F|  |TAMS 0x0000000709000000, 0x0000000709000000| Untracked 
|  68|0x0000000709200000, 0x0000000709200000, 0x0000000709400000|  0%| F|  |TAMS 0x0000000709200000, 0x0000000709200000| Untracked 
|  69|0x0000000709400000, 0x0000000709400000, 0x0000000709600000|  0%| F|  |TAMS 0x0000000709400000, 0x0000000709400000| Untracked 
|  70|0x0000000709600000, 0x0000000709600000, 0x0000000709800000|  0%| F|  |TAMS 0x0000000709600000, 0x0000000709600000| Untracked 
|  71|0x0000000709800000, 0x0000000709800000, 0x0000000709a00000|  0%| F|  |TAMS 0x0000000709800000, 0x0000000709800000| Untracked 
|  72|0x0000000709a00000, 0x0000000709a00000, 0x0000000709c00000|  0%| F|  |TAMS 0x0000000709a00000, 0x0000000709a00000| Untracked 
|  73|0x0000000709c00000, 0x0000000709c00000, 0x0000000709e00000|  0%| F|  |TAMS 0x0000000709c00000, 0x0000000709c00000| Untracked 
|  74|0x0000000709e00000, 0x0000000709e00000, 0x000000070a000000|  0%| F|  |TAMS 0x0000000709e00000, 0x0000000709e00000| Untracked 
|  75|0x000000070a000000, 0x000000070a000000, 0x000000070a200000|  0%| F|  |TAMS 0x000000070a000000, 0x000000070a000000| Untracked 
|  76|0x000000070a200000, 0x000000070a200000, 0x000000070a400000|  0%| F|  |TAMS 0x000000070a200000, 0x000000070a200000| Untracked 
|  77|0x000000070a400000, 0x000000070a400000, 0x000000070a600000|  0%| F|  |TAMS 0x000000070a400000, 0x000000070a400000| Untracked 
|  78|0x000000070a600000, 0x000000070a600000, 0x000000070a800000|  0%| F|  |TAMS 0x000000070a600000, 0x000000070a600000| Untracked 
|  79|0x000000070a800000, 0x000000070a800000, 0x000000070aa00000|  0%| F|  |TAMS 0x000000070a800000, 0x000000070a800000| Untracked 
|  80|0x000000070aa00000, 0x000000070aa00000, 0x000000070ac00000|  0%| F|  |TAMS 0x000000070aa00000, 0x000000070aa00000| Untracked 
|  81|0x000000070ac00000, 0x000000070ac00000, 0x000000070ae00000|  0%| F|  |TAMS 0x000000070ac00000, 0x000000070ac00000| Untracked 
|  82|0x000000070ae00000, 0x000000070ae00000, 0x000000070b000000|  0%| F|  |TAMS 0x000000070ae00000, 0x000000070ae00000| Untracked 
|  83|0x000000070b000000, 0x000000070b000000, 0x000000070b200000|  0%| F|  |TAMS 0x000000070b000000, 0x000000070b000000| Untracked 
|  84|0x000000070b200000, 0x000000070b200000, 0x000000070b400000|  0%| F|  |TAMS 0x000000070b200000, 0x000000070b200000| Untracked 
|  85|0x000000070b400000, 0x000000070b400000, 0x000000070b600000|  0%| F|  |TAMS 0x000000070b400000, 0x000000070b400000| Untracked 
|  86|0x000000070b600000, 0x000000070b600000, 0x000000070b800000|  0%| F|  |TAMS 0x000000070b600000, 0x000000070b600000| Untracked 
|  87|0x000000070b800000, 0x000000070b800000, 0x000000070ba00000|  0%| F|  |TAMS 0x000000070b800000, 0x000000070b800000| Untracked 
|  88|0x000000070ba00000, 0x000000070ba00000, 0x000000070bc00000|  0%| F|  |TAMS 0x000000070ba00000, 0x000000070ba00000| Untracked 
|  89|0x000000070bc00000, 0x000000070bc00000, 0x000000070be00000|  0%| F|  |TAMS 0x000000070bc00000, 0x000000070bc00000| Untracked 
|  90|0x000000070be00000, 0x000000070be00000, 0x000000070c000000|  0%| F|  |TAMS 0x000000070be00000, 0x000000070be00000| Untracked 
|  91|0x000000070c000000, 0x000000070c000000, 0x000000070c200000|  0%| F|  |TAMS 0x000000070c000000, 0x000000070c000000| Untracked 
|  92|0x000000070c200000, 0x000000070c200000, 0x000000070c400000|  0%| F|  |TAMS 0x000000070c200000, 0x000000070c200000| Untracked 
|  93|0x000000070c400000, 0x000000070c400000, 0x000000070c600000|  0%| F|  |TAMS 0x000000070c400000, 0x000000070c400000| Untracked 
|  94|0x000000070c600000, 0x000000070c600000, 0x000000070c800000|  0%| F|  |TAMS 0x000000070c600000, 0x000000070c600000| Untracked 
|  95|0x000000070c800000, 0x000000070c800000, 0x000000070ca00000|  0%| F|  |TAMS 0x000000070c800000, 0x000000070c800000| Untracked 
|  96|0x000000070ca00000, 0x000000070ca00000, 0x000000070cc00000|  0%| F|  |TAMS 0x000000070ca00000, 0x000000070ca00000| Untracked 
|  97|0x000000070cc00000, 0x000000070cc00000, 0x000000070ce00000|  0%| F|  |TAMS 0x000000070cc00000, 0x000000070cc00000| Untracked 
|  98|0x000000070ce00000, 0x000000070ce00000, 0x000000070d000000|  0%| F|  |TAMS 0x000000070ce00000, 0x000000070ce00000| Untracked 
|  99|0x000000070d000000, 0x000000070d000000, 0x000000070d200000|  0%| F|  |TAMS 0x000000070d000000, 0x000000070d000000| Untracked 
| 100|0x000000070d200000, 0x000000070d200000, 0x000000070d400000|  0%| F|  |TAMS 0x000000070d200000, 0x000000070d200000| Untracked 
| 101|0x000000070d400000, 0x000000070d400000, 0x000000070d600000|  0%| F|  |TAMS 0x000000070d400000, 0x000000070d400000| Untracked 
| 102|0x000000070d600000, 0x000000070d600000, 0x000000070d800000|  0%| F|  |TAMS 0x000000070d600000, 0x000000070d600000| Untracked 
| 103|0x000000070d800000, 0x000000070d800000, 0x000000070da00000|  0%| F|  |TAMS 0x000000070d800000, 0x000000070d800000| Untracked 
| 104|0x000000070da00000, 0x000000070da0d3d8, 0x000000070dc00000|  2%| E|  |TAMS 0x000000070da00000, 0x000000070da00000| Complete 
| 105|0x000000070dc00000, 0x000000070de00000, 0x000000070de00000|100%| E|CS|TAMS 0x000000070dc00000, 0x000000070dc00000| Complete 
| 106|0x000000070de00000, 0x000000070e000000, 0x000000070e000000|100%| E|CS|TAMS 0x000000070de00000, 0x000000070de00000| Complete 
| 107|0x000000070e000000, 0x000000070e200000, 0x000000070e200000|100%| E|CS|TAMS 0x000000070e000000, 0x000000070e000000| Complete 
| 108|0x000000070e200000, 0x000000070e400000, 0x000000070e400000|100%| E|CS|TAMS 0x000000070e200000, 0x000000070e200000| Complete 
| 109|0x000000070e400000, 0x000000070e600000, 0x000000070e600000|100%| E|CS|TAMS 0x000000070e400000, 0x000000070e400000| Complete 
| 110|0x000000070e600000, 0x000000070e800000, 0x000000070e800000|100%| E|CS|TAMS 0x000000070e600000, 0x000000070e600000| Complete 
| 111|0x000000070e800000, 0x000000070ea00000, 0x000000070ea00000|100%| E|CS|TAMS 0x000000070e800000, 0x000000070e800000| Complete 
| 112|0x000000070ea00000, 0x000000070ec00000, 0x000000070ec00000|100%| E|CS|TAMS 0x000000070ea00000, 0x000000070ea00000| Complete 
| 113|0x000000070ec00000, 0x000000070ee00000, 0x000000070ee00000|100%| E|CS|TAMS 0x000000070ec00000, 0x000000070ec00000| Complete 
| 114|0x000000070ee00000, 0x000000070f000000, 0x000000070f000000|100%| E|CS|TAMS 0x000000070ee00000, 0x000000070ee00000| Complete 
| 115|0x000000070f000000, 0x000000070f200000, 0x000000070f200000|100%| E|CS|TAMS 0x000000070f000000, 0x000000070f000000| Complete 
| 116|0x000000070f200000, 0x000000070f35fd58, 0x000000070f400000| 68%| S|CS|TAMS 0x000000070f200000, 0x000000070f200000| Complete 
| 117|0x000000070f400000, 0x000000070f600000, 0x000000070f600000|100%| S|CS|TAMS 0x000000070f400000, 0x000000070f400000| Complete 
| 118|0x000000070f600000, 0x000000070f800000, 0x000000070f800000|100%| E|CS|TAMS 0x000000070f600000, 0x000000070f600000| Complete 
| 119|0x000000070f800000, 0x000000070fa00000, 0x000000070fa00000|100%| E|CS|TAMS 0x000000070f800000, 0x000000070f800000| Complete 
| 120|0x000000070fa00000, 0x000000070fc00000, 0x000000070fc00000|100%| E|CS|TAMS 0x000000070fa00000, 0x000000070fa00000| Complete 
| 121|0x000000070fc00000, 0x000000070fe00000, 0x000000070fe00000|100%| E|  |TAMS 0x000000070fc00000, 0x000000070fc00000| Complete 
| 122|0x000000070fe00000, 0x0000000710000000, 0x0000000710000000|100%| E|CS|TAMS 0x000000070fe00000, 0x000000070fe00000| Complete 
| 123|0x0000000710000000, 0x0000000710200000, 0x0000000710200000|100%| E|CS|TAMS 0x0000000710000000, 0x0000000710000000| Complete 
| 124|0x0000000710200000, 0x0000000710400000, 0x0000000710400000|100%| E|CS|TAMS 0x0000000710200000, 0x0000000710200000| Complete 
| 125|0x0000000710400000, 0x0000000710600000, 0x0000000710600000|100%| E|CS|TAMS 0x0000000710400000, 0x0000000710400000| Complete 
| 126|0x0000000710600000, 0x0000000710800000, 0x0000000710800000|100%| E|CS|TAMS 0x0000000710600000, 0x0000000710600000| Complete 
| 127|0x0000000710800000, 0x0000000710a00000, 0x0000000710a00000|100%| E|CS|TAMS 0x0000000710800000, 0x0000000710800000| Complete 

Card table byte_map: [0x00000205d66c0000,0x00000205d6ec0000] _byte_map_base: 0x00000205d2ebb000

Marking Bits (Prev, Next): (CMBitMap*) 0x00000205cb37bc30, (CMBitMap*) 0x00000205cb37bc70
 Prev Bits: [0x00000205d76c0000, 0x00000205db698000)
 Next Bits: [0x00000205db6a0000, 0x00000205df678000)

Polling page: 0x00000205c92c0000

Metaspace:

Usage:
  Non-class:     15.79 MB used.
      Class:      2.42 MB used.
       Both:     18.21 MB used.

Virtual space:
  Non-class space:       64.00 MB reserved,      15.94 MB ( 25%) committed,  1 nodes.
      Class space:        1.00 GB reserved,       2.56 MB ( <1%) committed,  1 nodes.
             Both:        1.06 GB reserved,      18.50 MB (  2%) committed. 

Chunk freelists:
   Non-Class:  3.92 MB
       Class:  1.33 MB
        Both:  5.25 MB

MaxMetaspaceSize: unlimited
CompressedClassSpaceSize: 1.00 GB
Initial GC threshold: 21.00 MB
Current GC threshold: 21.00 MB
CDS: on
MetaspaceReclaimPolicy: balanced
 - commit_granule_bytes: 65536.
 - commit_granule_words: 8192.
 - virtual_space_node_default_size: 8388608.
 - enlarge_chunks_in_place: 1.
 - new_chunks_are_fully_committed: 0.
 - uncommit_free_chunks: 1.
 - use_allocation_guard: 0.


Internal statistics:

num_allocs_failed_limit: 0.
num_arena_births: 318.
num_arena_deaths: 0.
num_vsnodes_births: 2.
num_vsnodes_deaths: 0.
num_space_committed: 296.
num_space_uncommitted: 0.
num_chunks_returned_to_freelist: 0.
num_chunks_taken_from_freelist: 895.
num_chunk_merges: 0.
num_chunk_splits: 599.
num_chunks_enlarged: 430.
num_inconsistent_stats: 0.

CodeCache: size=49152Kb used=6169Kb max_used=6169Kb free=42982Kb
 bounds [0x00000205d2ec0000, 0x00000205d34d0000, 0x00000205d5ec0000]
 total_blobs=3071 nmethods=2576 adapters=420
 compilation: disabled (not enough contiguous free space left)
              stopped_count=1, restarted_count=0
 full_count=1

Compilation events (20 events):
Event: 1.531 Thread 0x00000205e1a15890 2569       1       org.springframework.beans.factory.support.AbstractBeanFactory::getObjectForBeanInstance (161 bytes)
Event: 1.532 Thread 0x00000205e1a15890 nmethod 2569 0x00000205d34b9590 code [0x00000205d34b97c0, 0x00000205d34b9ea8]
Event: 1.532 Thread 0x00000205e1a15890 2570       1       org.springframework.beans.factory.support.AbstractBeanFactory::getBean (9 bytes)
Event: 1.532 Thread 0x00000205e1a15890 nmethod 2570 0x00000205d34ba210 code [0x00000205d34ba3a0, 0x00000205d34ba488]
Event: 1.532 Thread 0x00000205e1a15890 2571   !   1       org.springframework.boot.autoconfigure.condition.ConditionEvaluationReport::get (68 bytes)
Event: 1.532 Thread 0x00000205e1a15890 nmethod 2571 0x00000205d34ba510 code [0x00000205d34ba760, 0x00000205d34bae38]
Event: 1.532 Thread 0x00000205e1a15890 2572       1       org.springframework.boot.autoconfigure.condition.ConditionEvaluationReport::locateParent (40 bytes)
Event: 1.533 Thread 0x00000205e1a15890 nmethod 2572 0x00000205d34bb490 code [0x00000205d34bb640, 0x00000205d34bb818]
Event: 1.533 Thread 0x00000205e1a15890 2573   !   1       org.springframework.context.annotation.ConfigurationClassParser$SourceClass::getRelated (117 bytes)
Event: 1.533 Thread 0x00000205e1a15890 nmethod 2573 0x00000205d34bb910 code [0x00000205d34bbb80, 0x00000205d34bc268]
Event: 1.533 Thread 0x00000205e1a15890 2574       1       org.springframework.context.annotation.ConfigurationClassParser::collectImports (98 bytes)
Event: 1.534 Thread 0x00000205e1a15890 nmethod 2574 0x00000205d34bc710 code [0x00000205d34bc960, 0x00000205d34bccf8]
Event: 1.534 Thread 0x00000205e1a15890 2575       1       org.springframework.context.annotation.ConditionEvaluator$ConditionContextImpl::getClassLoader (5 bytes)
Event: 1.534 Thread 0x00000205e1a15890 nmethod 2575 0x00000205d34bd010 code [0x00000205d34bd1a0, 0x00000205d34bd278]
Event: 1.535 Thread 0x00000205e1a15890 2576       1       sun.net.www.protocol.jar.JarFileFactory::urlKey (39 bytes)
Event: 1.536 Thread 0x00000205e1a15890 nmethod 2576 0x00000205d34bd310 code [0x00000205d34bd500, 0x00000205d34bd8c8]
Event: 1.536 Thread 0x00000205e1a15890 2577       1       java.util.Collections$UnmodifiableSet::<init> (6 bytes)
Event: 1.536 Thread 0x00000205e1a15890 nmethod 2577 0x00000205d34bda90 code [0x00000205d34bdc20, 0x00000205d34bdde8]
Event: 1.537 Thread 0x00000205e1a9dff0 

Event: 1.537 Thread 0x00000205e19df730 nmethod 2561 0x00000205d34bde90 code [0x00000205d34be680, 0x00000205d34c2e68]

GC Heap History (6 events):
Event: 0.605 GC heap before
{Heap before GC invocations=0 (full 0):
 garbage-first heap   total 262144K, used 10240K [0x0000000700a00000, 0x0000000800000000)
  region size 2048K, 6 young (12288K), 0 survivors (0K)
 Metaspace       used 5118K, committed 5248K, reserved 1114112K
  class space    used 579K, committed 640K, reserved 1048576K
}
Event: 0.609 GC heap after
{Heap after GC invocations=1 (full 0):
 garbage-first heap   total 262144K, used 5579K [0x0000000700a00000, 0x0000000800000000)
  region size 2048K, 1 young (2048K), 1 survivors (2048K)
 Metaspace       used 5118K, committed 5248K, reserved 1114112K
  class space    used 579K, committed 640K, reserved 1048576K
}
Event: 0.892 GC heap before
{Heap before GC invocations=1 (full 0):
 garbage-first heap   total 262144K, used 15819K [0x0000000700a00000, 0x0000000800000000)
  region size 2048K, 6 young (12288K), 1 survivors (2048K)
 Metaspace       used 7532K, committed 7744K, reserved 1114112K
  class space    used 919K, committed 1024K, reserved 1048576K
}
Event: 0.895 GC heap after
{Heap after GC invocations=2 (full 0):
 garbage-first heap   total 262144K, used 7359K [0x0000000700a00000, 0x0000000800000000)
  region size 2048K, 1 young (2048K), 1 survivors (2048K)
 Metaspace       used 7532K, committed 7744K, reserved 1114112K
  class space    used 919K, committed 1024K, reserved 1048576K
}
Event: 1.179 GC heap before
{Heap before GC invocations=2 (full 0):
 garbage-first heap   total 262144K, used 25791K [0x0000000700a00000, 0x0000000800000000)
  region size 2048K, 10 young (20480K), 1 survivors (2048K)
 Metaspace       used 12100K, committed 12416K, reserved 1114112K
  class space    used 1575K, committed 1728K, reserved 1048576K
}
Event: 1.182 GC heap after
{Heap after GC invocations=3 (full 0):
 garbage-first heap   total 262144K, used 9082K [0x0000000700a00000, 0x0000000800000000)
  region size 2048K, 2 young (4096K), 2 survivors (4096K)
 Metaspace       used 12100K, committed 12416K, reserved 1114112K
  class space    used 1575K, committed 1728K, reserved 1048576K
}

Deoptimization events (2 events):
Event: 1.184 Thread 0x00000205cb30ac70 DEOPT PACKING pc=0x00000205d33a2cf9 sp=0x000000d89f8fd3c0
Event: 1.184 Thread 0x00000205cb30ac70 DEOPT UNPACKING pc=0x00000205d2f12b43 sp=0x000000d89f8fc8a0 mode 3

Classes loaded (20 events):
Event: 1.323 Loading class jdk/xml/internal/XMLSecurityManager
Event: 1.323 Loading class jdk/xml/internal/XMLSecurityManager done
Event: 1.323 Loading class jdk/xml/internal/XMLSecurityManager$Limit
Event: 1.323 Loading class jdk/xml/internal/XMLSecurityManager$Limit done
Event: 1.323 Loading class jdk/xml/internal/XMLSecurityManager$Processor
Event: 1.323 Loading class jdk/xml/internal/XMLSecurityManager$Processor done
Event: 1.323 Loading class jdk/xml/internal/XMLSecurityManager$NameMap
Event: 1.323 Loading class jdk/xml/internal/XMLSecurityManager$NameMap done
Event: 1.323 Loading class jdk/xml/internal/JdkProperty
Event: 1.323 Loading class jdk/xml/internal/JdkProperty done
Event: 1.333 Loading class java/beans/ConstructorProperties
Event: 1.333 Loading class java/beans/ConstructorProperties done
Event: 1.346 Loading class java/util/concurrent/atomic/AtomicReference
Event: 1.346 Loading class java/util/concurrent/atomic/AtomicReference done
Event: 1.403 Loading class javax/naming/ldap/LdapContext
Event: 1.403 Loading class javax/naming/directory/DirContext
Event: 1.403 Loading class javax/naming/directory/DirContext done
Event: 1.403 Loading class javax/naming/ldap/LdapContext done
Event: 1.612 Loading class java/util/AbstractList$ListItr
Event: 1.612 Loading class java/util/AbstractList$ListItr done

Classes unloaded (0 events):
No events

Classes redefined (0 events):
No events

Internal exceptions (20 events):
Event: 1.261 Thread 0x00000205cb30ac70 Exception <a 'java/lang/ClassNotFoundException'{0x00000007102f1f28}: org/springframework/core/PriorityOrderedCustomizer> (0x00000007102f1f28) 
thrown [s\src\hotspot\share\classfile\systemDictionary.cpp, line 255]
Event: 1.261 Thread 0x00000205cb30ac70 Exception <a 'java/lang/ClassNotFoundException'{0x00000007102f4d10}: org/springframework/core/OrderedCustomizer> (0x00000007102f4d10) 
thrown [s\src\hotspot\share\classfile\systemDictionary.cpp, line 255]
Event: 1.261 Thread 0x00000205cb30ac70 Exception <a 'java/lang/ClassNotFoundException'{0x00000007102f8c80}: org/springframework/context/ResourceLoaderAwareCustomizer> (0x00000007102f8c80) 
thrown [s\src\hotspot\share\classfile\systemDictionary.cpp, line 255]
Event: 1.261 Thread 0x00000205cb30ac70 Exception <a 'java/lang/ClassNotFoundException'{0x00000007102fcd88}: org/springframework/beans/factory/AwareCustomizer> (0x00000007102fcd88) 
thrown [s\src\hotspot\share\classfile\systemDictionary.cpp, line 255]
Event: 1.262 Thread 0x00000205cb30ac70 Exception <a 'java/lang/ClassNotFoundException'{0x00000007102ffee0}: org/springframework/beans/factory/BeanClassLoaderAwareCustomizer> (0x00000007102ffee0) 
thrown [s\src\hotspot\share\classfile\systemDictionary.cpp, line 255]
Event: 1.262 Thread 0x00000205cb30ac70 Exception <a 'java/lang/ClassNotFoundException'{0x0000000710303fd0}: org/springframework/beans/factory/AwareCustomizer> (0x0000000710303fd0) 
thrown [s\src\hotspot\share\classfile\systemDictionary.cpp, line 255]
Event: 1.262 Thread 0x00000205cb30ac70 Exception <a 'java/lang/ClassNotFoundException'{0x0000000710306e68}: org/springframework/context/EnvironmentAwareCustomizer> (0x0000000710306e68) 
thrown [s\src\hotspot\share\classfile\systemDictionary.cpp, line 255]
Event: 1.262 Thread 0x00000205cb30ac70 Exception <a 'java/lang/ClassNotFoundException'{0x00000007103560e0}: org/springframework/beans/factory/AwareCustomizer> (0x00000007103560e0) 
thrown [s\src\hotspot\share\classfile\systemDictionary.cpp, line 255]
Event: 1.280 Thread 0x00000205e6637ae0 Exception <a 'java/lang/NoSuchMethodError'{0x0000000710156478}: 'void java.lang.invoke.DirectMethodHandle$Holder.invokeStatic(java.lang.Object, java.lang.Object, java.lang.Object, java.lang.Object, java.lang.Object, java.lang.Object)'> (0x0000000710156478) 
thrown [s\src\hotspot\share\interpreter\linkResolver.cpp, line 759]
Event: 1.307 Thread 0x00000205e6637ae0 Exception <a 'java/lang/NoSuchMethodError'{0x000000070fc8ec90}: 'java.lang.Object java.lang.invoke.DirectMethodHandle$Holder.invokeStaticInit(java.lang.Object, java.lang.Object, java.lang.Object)'> (0x000000070fc8ec90) 
thrown [s\src\hotspot\share\interpreter\linkResolver.cpp, line 759]
Event: 1.308 Thread 0x00000205e6637ae0 Exception <a 'java/lang/NoSuchMethodError'{0x000000070fc94ca8}: 'java.lang.Object java.lang.invoke.DirectMethodHandle$Holder.invokeStaticInit(java.lang.Object, java.lang.Object, java.lang.Object, java.lang.Object, java.lang.Object)'> (0x000000070fc94ca8) 
thrown [s\src\hotspot\share\interpreter\linkResolver.cpp, line 759]
Event: 1.373 Thread 0x00000205cb30ac70 Exception <a 'java/lang/NoSuchMethodError'{0x000000070f798158}: 'int java.lang.invoke.DirectMethodHandle$Holder.invokeSpecialIFC(java.lang.Object, java.lang.Object, java.lang.Object, java.lang.Object)'> (0x000000070f798158) 
thrown [s\src\hotspot\share\interpreter\linkResolver.cpp, line 759]
Event: 1.401 Thread 0x00000205e6637ae0 Exception <a 'java/lang/NoSuchMethodError'{0x000000070ec36258}: 'long java.lang.invoke.DirectMethodHandle$Holder.invokeStatic(java.lang.Object, java.lang.Object)'> (0x000000070ec36258) 
thrown [s\src\hotspot\share\interpreter\linkResolver.cpp, line 759]
Event: 1.401 Thread 0x00000205e6637ae0 Exception <a 'java/lang/NoSuchMethodError'{0x000000070ec39850}: 'long java.lang.invoke.DirectMethodHandle$Holder.invokeStaticInit(java.lang.Object, java.lang.Object)'> (0x000000070ec39850) 
thrown [s\src\hotspot\share\interpreter\linkResolver.cpp, line 759]
Event: 1.405 Thread 0x00000205e6637ae0 Exception <a 'java/lang/NoSuchMethodError'{0x000000070ecfef18}: 'long java.lang.invoke.DirectMethodHandle$Holder.invokeInterface(java.lang.Object, java.lang.Object)'> (0x000000070ecfef18) 
thrown [s\src\hotspot\share\interpreter\linkResolver.cpp, line 759]
Event: 1.405 Thread 0x00000205e6637ae0 Exception <a 'java/lang/IncompatibleClassChangeError'{0x000000070ed024a0}: Found class java.lang.Object, but interface was expected> (0x000000070ed024a0) 
thrown [s\src\hotspot\share\interpreter\linkResolver.cpp, line 826]
Event: 1.412 Thread 0x00000205e6637ae0 Exception <a 'java/lang/NoSuchMethodError'{0x000000070ea22330}: 'java.lang.Object java.lang.invoke.DirectMethodHandle$Holder.invokeVirtual(java.lang.Object, java.lang.Object, java.lang.Object, java.lang.Object)'> (0x000000070ea22330) 
thrown [s\src\hotspot\share\interpreter\linkResolver.cpp, line 759]
Event: 1.424 Thread 0x00000205cb30ac70 Exception <a 'java/lang/IncompatibleClassChangeError'{0x000000070eb46400}: Found class java.lang.Object, but interface was expected> (0x000000070eb46400) 
thrown [s\src\hotspot\share\interpreter\linkResolver.cpp, line 826]
Event: 1.442 Thread 0x00000205cb30ac70 Exception <a 'java/lang/NoSuchMethodError'{0x000000070e89fb98}: 'void java.lang.invoke.DirectMethodHandle$Holder.invokeInterface(java.lang.Object, java.lang.Object, java.lang.Object, java.lang.Object)'> (0x000000070e89fb98) 
thrown [s\src\hotspot\share\interpreter\linkResolver.cpp, line 759]
Event: 1.620 Thread 0x00000205cb30ac70 Exception <a 'java/lang/OutOfMemoryError'{0x000000070ddf5628}> (0x000000070ddf5628) 
thrown [s\src\hotspot\share\prims\jni.cpp, line 535]

VM Operations (20 events):
Event: 0.930 Executing VM operation: HandshakeAllThreads
Event: 0.930 Executing VM operation: HandshakeAllThreads done
Event: 1.058 Executing VM operation: HandshakeAllThreads
Event: 1.058 Executing VM operation: HandshakeAllThreads done
Event: 1.123 Executing VM operation: HandshakeAllThreads
Event: 1.123 Executing VM operation: HandshakeAllThreads done
Event: 1.140 Executing VM operation: HandshakeAllThreads
Event: 1.140 Executing VM operation: HandshakeAllThreads done
Event: 1.172 Executing VM operation: HandshakeAllThreads
Event: 1.172 Executing VM operation: HandshakeAllThreads done
Event: 1.179 Executing VM operation: G1CollectForAllocation
Event: 1.182 Executing VM operation: G1CollectForAllocation done
Event: 1.230 Executing VM operation: HandshakeAllThreads
Event: 1.230 Executing VM operation: HandshakeAllThreads done
Event: 1.272 Executing VM operation: HandshakeAllThreads
Event: 1.272 Executing VM operation: HandshakeAllThreads done
Event: 1.496 Executing VM operation: ICBufferFull
Event: 1.496 Executing VM operation: ICBufferFull done
Event: 1.603 Executing VM operation: HandshakeAllThreads
Event: 1.603 Executing VM operation: HandshakeAllThreads done

Events (20 events):
Event: 0.132 Loaded shared library C:\Users\user\.jdks\corretto-18.0.2\bin\zip.dll
Event: 0.134 Loaded shared library C:\Users\user\.jdks\corretto-18.0.2\bin\instrument.dll
Event: 0.139 Loaded shared library C:\Users\user\.jdks\corretto-18.0.2\bin\net.dll
Event: 0.141 Loaded shared library C:\Users\user\.jdks\corretto-18.0.2\bin\nio.dll
Event: 0.144 Loaded shared library C:\Users\user\.jdks\corretto-18.0.2\bin\zip.dll
Event: 0.277 Loaded shared library C:\Program Files\JetBrains\IntelliJ IDEA 2021.2.3\bin\breakgen64.dll
Event: 0.282 Thread 0x00000205e60130d0 Thread added: 0x00000205e60130d0
Event: 0.282 Thread 0x00000205e6016e40 Thread added: 0x00000205e6016e40
Event: 0.300 Loaded shared library C:\Users\user\.jdks\corretto-18.0.2\bin\jimage.dll
Event: 0.344 Loaded shared library C:\Users\user\.jdks\corretto-18.0.2\bin\management.dll
Event: 0.360 Loaded shared library C:\Users\user\.jdks\corretto-18.0.2\bin\management_ext.dll
Event: 0.554 Thread 0x00000205e6197ec0 Thread added: 0x00000205e6197ec0
Event: 1.069 Thread 0x00000205e6637ae0 Thread added: 0x00000205e6637ae0
Event: 1.098 Thread 0x00000205e65a7650 Thread added: 0x00000205e65a7650
Event: 1.113 Thread 0x00000205e672c9c0 Thread added: 0x00000205e672c9c0
Event: 1.122 Thread 0x00000205e66b9000 Thread added: 0x00000205e66b9000
Event: 1.143 Thread 0x00000205e66b9000 Thread exited: 0x00000205e66b9000
Event: 1.394 Thread 0x00000205e6ed8860 Thread added: 0x00000205e6ed8860
Event: 1.410 Thread 0x00000205e6ed8860 Thread exited: 0x00000205e6ed8860
Event: 1.414 Thread 0x00000205e6637ae0 Thread exited: 0x00000205e6637ae0


Dynamic libraries:
0x00007ff7d55a0000 - 0x00007ff7d55ad000 	C:\Users\user\.jdks\corretto-18.0.2\bin\java.exe
0x00007fff63580000 - 0x00007fff63770000 	C:\WINDOWS\SYSTEM32\ntdll.dll
0x00007fff61c60000 - 0x00007fff61d12000 	C:\WINDOWS\System32\KERNEL32.DLL
0x00007fff60f60000 - 0x00007fff61205000 	C:\WINDOWS\System32\KERNELBASE.dll
0x00007fff61210000 - 0x00007fff6130a000 	C:\WINDOWS\System32\ucrtbase.dll
0x00007fff4cd70000 - 0x00007fff4cd87000 	C:\Users\user\.jdks\corretto-18.0.2\bin\jli.dll
0x00007fff619a0000 - 0x00007fff61b34000 	C:\WINDOWS\System32\USER32.dll
0x00007fff61310000 - 0x00007fff61331000 	C:\WINDOWS\System32\win32u.dll
0x00007fff61770000 - 0x00007fff61796000 	C:\WINDOWS\System32\GDI32.dll
0x00007fff60640000 - 0x00007fff607d6000 	C:\WINDOWS\System32\gdi32full.dll
0x00007fff61410000 - 0x00007fff614ae000 	C:\WINDOWS\System32\msvcp_win.dll
0x00007fff4cd50000 - 0x00007fff4cd65000 	C:\Users\user\.jdks\corretto-18.0.2\bin\VCRUNTIME140.dll
0x00007fff4ed00000 - 0x00007fff4ef84000 	C:\WINDOWS\WinSxS\amd64_microsoft.windows.common-controls_6595b64144ccf1df_6.0.18362.1139_none_9e7bf2d3e4605ac6\COMCTL32.dll
0x00007fff62f10000 - 0x00007fff62fae000 	C:\WINDOWS\System32\msvcrt.dll
0x00007fff61f40000 - 0x00007fff62275000 	C:\WINDOWS\System32\combase.dll
0x00007fff61b40000 - 0x00007fff61c60000 	C:\WINDOWS\System32\RPCRT4.dll
0x00007fff605c0000 - 0x00007fff60640000 	C:\WINDOWS\System32\bcryptPrimitives.dll
0x00007fff62280000 - 0x00007fff622ae000 	C:\WINDOWS\System32\IMM32.DLL
0x00007fff2e6f0000 - 0x00007fff2e78b000 	C:\Users\user\.jdks\corretto-18.0.2\bin\msvcp140.dll
0x00007fff096d0000 - 0x00007fff0a341000 	C:\Users\user\.jdks\corretto-18.0.2\bin\server\jvm.dll
0x00007fff63490000 - 0x00007fff63533000 	C:\WINDOWS\System32\ADVAPI32.dll
0x00007fff617a0000 - 0x00007fff61837000 	C:\WINDOWS\System32\sechost.dll
0x00007fff61f30000 - 0x00007fff61f38000 	C:\WINDOWS\System32\PSAPI.DLL
0x00007fff4a580000 - 0x00007fff4a589000 	C:\WINDOWS\SYSTEM32\WSOCK32.dll
0x00007fff63420000 - 0x00007fff6348f000 	C:\WINDOWS\System32\WS2_32.dll
0x00007fff5e440000 - 0x00007fff5e464000 	C:\WINDOWS\SYSTEM32\WINMM.dll
0x00007fff580c0000 - 0x00007fff580ca000 	C:\WINDOWS\SYSTEM32\VERSION.dll
0x00007fff5e410000 - 0x00007fff5e43d000 	C:\WINDOWS\SYSTEM32\WINMMBASE.dll
0x00007fff60570000 - 0x00007fff605ba000 	C:\WINDOWS\System32\cfgmgr32.dll
0x00007fff60450000 - 0x00007fff60461000 	C:\WINDOWS\System32\kernel.appcore.dll
0x00007fff59c20000 - 0x00007fff59c2a000 	C:\Users\user\.jdks\corretto-18.0.2\bin\jimage.dll
0x00007fff4b4a0000 - 0x00007fff4b694000 	C:\WINDOWS\SYSTEM32\DBGHELP.DLL
0x00007fff4af00000 - 0x00007fff4af2a000 	C:\WINDOWS\SYSTEM32\dbgcore.DLL
0x00007fff4ec20000 - 0x00007fff4ec2e000 	C:\Users\user\.jdks\corretto-18.0.2\bin\instrument.dll
0x00007fff37cd0000 - 0x00007fff37cf5000 	C:\Users\user\.jdks\corretto-18.0.2\bin\java.dll
0x00007fff295b0000 - 0x00007fff29686000 	C:\Users\user\.jdks\corretto-18.0.2\bin\jsvml.dll
0x00007fff626f0000 - 0x00007fff62dd7000 	C:\WINDOWS\System32\SHELL32.dll
0x00007fff62de0000 - 0x00007fff62e89000 	C:\WINDOWS\System32\shcore.dll
0x00007fff607e0000 - 0x00007fff60f60000 	C:\WINDOWS\System32\windows.storage.dll
0x00007fff604c0000 - 0x00007fff604e3000 	C:\WINDOWS\System32\profapi.dll
0x00007fff60470000 - 0x00007fff604ba000 	C:\WINDOWS\System32\powrprof.dll
0x00007fff60440000 - 0x00007fff60450000 	C:\WINDOWS\System32\UMPDC.dll
0x00007fff61840000 - 0x00007fff61892000 	C:\WINDOWS\System32\shlwapi.dll
0x00007fff613f0000 - 0x00007fff61407000 	C:\WINDOWS\System32\cryptsp.dll
0x00007fff38dc0000 - 0x00007fff38dd8000 	C:\Users\user\.jdks\corretto-18.0.2\bin\zip.dll
0x00007fff3ba30000 - 0x00007fff3ba43000 	C:\Users\user\.jdks\corretto-18.0.2\bin\net.dll
0x00007fff58990000 - 0x00007fff58a80000 	C:\WINDOWS\SYSTEM32\WINHTTP.dll
0x00007fff5fc90000 - 0x00007fff5fcf7000 	C:\WINDOWS\system32\mswsock.dll
0x00007fff3b020000 - 0x00007fff3b035000 	C:\Users\user\.jdks\corretto-18.0.2\bin\nio.dll
0x00007fff35910000 - 0x00007fff3592a000 	C:\Program Files\JetBrains\IntelliJ IDEA 2021.2.3\bin\breakgen64.dll
0x00007fff5f9e0000 - 0x00007fff5faab000 	C:\WINDOWS\SYSTEM32\DNSAPI.dll
0x00007fff62410000 - 0x00007fff62418000 	C:\WINDOWS\System32\NSI.dll
0x00007fff5f9a0000 - 0x00007fff5f9da000 	C:\WINDOWS\SYSTEM32\IPHLPAPI.DLL
0x00007fff580d0000 - 0x00007fff580da000 	C:\Windows\System32\rasadhlp.dll
0x00007fff4e4d0000 - 0x00007fff4e547000 	C:\WINDOWS\System32\fwpuclnt.dll
0x00007fff61600000 - 0x00007fff61626000 	C:\WINDOWS\System32\bcrypt.dll
0x00007fff4e750000 - 0x00007fff4e759000 	C:\Users\user\.jdks\corretto-18.0.2\bin\management.dll
0x00007fff4cc60000 - 0x00007fff4cc6b000 	C:\Users\user\.jdks\corretto-18.0.2\bin\management_ext.dll
0x00007fff5f7a0000 - 0x00007fff5f7d3000 	C:\WINDOWS\system32\rsaenh.dll
0x00007fff60360000 - 0x00007fff60385000 	C:\WINDOWS\SYSTEM32\USERENV.dll
0x00007fff5fe60000 - 0x00007fff5fe6c000 	C:\WINDOWS\SYSTEM32\CRYPTBASE.dll
0x00007fff5ad60000 - 0x00007fff5ad76000 	C:\WINDOWS\SYSTEM32\dhcpcsvc6.DLL
0x00007fff5ad40000 - 0x00007fff5ad5c000 	C:\WINDOWS\SYSTEM32\dhcpcsvc.DLL
0x00007fff3edc0000 - 0x00007fff3edd6000 	C:\WINDOWS\system32\napinsp.dll
0x00007fff3eda0000 - 0x00007fff3edba000 	C:\WINDOWS\system32\pnrpnsp.dll
0x00007fff3ed90000 - 0x00007fff3ed9e000 	C:\WINDOWS\System32\winrnr.dll
0x00007fff5cc60000 - 0x00007fff5cc7c000 	C:\WINDOWS\system32\NLAapi.dll
0x00007fff3eb70000 - 0x00007fff3eb85000 	C:\WINDOWS\system32\wshbth.dll

dbghelp: loaded successfully - version: 4.0.5 - missing functions: none
symbol engine: initialized successfully - sym options: 0x614 - pdb path: .;C:\Users\user\.jdks\corretto-18.0.2\bin;C:\WINDOWS\SYSTEM32;C:\WINDOWS\WinSxS\amd64_microsoft.windows.common-controls_6595b64144ccf1df_6.0.18362.1139_none_9e7bf2d3e4605ac6;C:\Users\user\.jdks\corretto-18.0.2\bin\server;C:\Program Files\JetBrains\IntelliJ IDEA 2021.2.3\bin

VM Arguments:
jvm_args: -XX:TieredStopAtLevel=1 -Xverify:none -Dspring.output.ansi.enabled=always -javaagent:C:\Program Files\JetBrains\IntelliJ IDEA 2021.2.3\lib\idea_rt.jar=60235:C:\Program Files\JetBrains\IntelliJ IDEA 2021.2.3\bin -Dcom.sun.management.jmxremote -Dspring.jmx.enabled=true -Dspring.liveBeansView.mbeanDomain -Dspring.application.admin.enabled=true -Dfile.encoding=UTF-8 
java_command: com.softserve.itacademy.ToDoListApplication
java_class_path (initial): C:\Users\user\Desktop\sprint3git\sprint16Security\target\classes;C:\Users\user\.m2\repository\org\springframework\boot\spring-boot-starter-data-jpa\2.3.3.RELEASE\spring-boot-starter-data-jpa-2.3.3.RELEASE.jar;C:\Users\user\.m2\repository\org\springframework\boot\spring-boot-starter-aop\2.3.3.RELEASE\spring-boot-starter-aop-2.3.3.RELEASE.jar;C:\Users\user\.m2\repository\org\aspectj\aspectjweaver\1.9.6\aspectjweaver-1.9.6.jar;C:\Users\user\.m2\repository\org\springframework\boot\spring-boot-starter-jdbc\2.3.3.RELEASE\spring-boot-starter-jdbc-2.3.3.RELEASE.jar;C:\Users\user\.m2\repository\com\zaxxer\HikariCP\3.4.5\HikariCP-3.4.5.jar;C:\Users\user\.m2\repository\org\springframework\spring-jdbc\5.2.8.RELEASE\spring-jdbc-5.2.8.RELEASE.jar;C:\Users\user\.m2\repository\jakarta\transaction\jakarta.transaction-api\1.3.3\jakarta.transaction-api-1.3.3.jar;C:\Users\user\.m2\repository\jakarta\persistence\jakarta.persistence-api\2.2.3\jakarta.persistence-api-2.2.3.jar;C:\Users\user\.m2\repository\org\hibernate\hibernate-core\5.4.20.Final\hibernate-core-5.4.20.Final.jar;C:\Users\user\.m2\repository\org\jboss\logging\jboss-logging\3.4.1.Final\jboss-logging-3.4.1.Final.jar;C:\Users\user\.m2\repository\org\javassist\javassist\3.24.0-GA\javassist-3.24.0-GA.jar;C:\Users\user\.m2\repository\net\bytebuddy\byte-buddy\1.10.14\byte-buddy-1.10.14.jar;C:\Users\user\.m2\repository\antlr\antlr\2.7.7\antlr-2.7.7.jar;C:\Users\user\.m2\repository\org\jboss\jandex\2.1.3.Final\jandex-2.1.3.Final.jar;C:\Users\user\.m2\repository\com\fasterxml\classmate\1.5.1\classmate-1.5.1.jar;C:\Users\user\.m2\repository\org\dom4j\dom4j\2.1.3\dom4j-2.1.3.jar;C:\Users\user\.m2\repository\org\hibernate\common\hibernate-commons-annotations\5.1.0.Final\hibernate-commons-annotations-5.1.0.Final.jar;C:\Users\user\.m2\repository\org\glassfish\jaxb\jaxb-runtime\2.3.3\jaxb-runtime-2.3.3.jar;C:\Users\user\.m2\repository\org\glassfish\jaxb\txw2\2.3.3\txw2-2.3.3.jar;C:\Users\user\.m2\repository\com\sun\istack\istack-commons-runtime\3.0.11\istack-commons-runtime-3.0.11.jar;C:\Users\user\.m2\repository\com\sun\activation\jakarta.activation\1.2.2\jakarta.activation-1.2.2.jar;C:\Users\user\.m2\repository\org\springframework\data\spring-data-jpa\2.3.3.RELEASE\spring-data-jpa-2.3.3.RELEASE.jar;C:\Users\user\.m2\repository\org\springframework\data\spring-data-commons\2.3.3.RELEASE\spring-data-commons-2.3.3.RELEASE.jar;C:\Users\user\.m2\repository\org\springframework\spring-orm\5.2.8.RELEASE\spring-orm-5.2.8.RELEASE.jar;C:\Users\user\.m2\repository\org\springframework\spring-context\5.2.8.RELEASE\spring-context-5.2.8.RELEASE.jar;C:\Users\user\.m2\repository\org\springframework\spring-tx\5.2.8.RELEASE\spring-tx-5.2.8.RELEASE.jar;C:\Users\user\.m2\repository\org\springframework\spring-beans\5.2.8.RELEASE\spring-beans-5.2.8.RELEASE.jar;C:\Users\user\.m2\repository\org\springframework\spring-aspects\5.2.8.RELEASE\spring-aspects-5.2.8.RELEASE.jar;C:\Users\user\.m2\repository\org\springframework\boot\spring-boot-starter-thymeleaf\2.3.3.RELEASE\spring-boot-starter-thymeleaf-2.3.3.RELEASE.jar;C:\Users\user\.m2\repository\org\springframework\boot\spring-boot-starter\2.3.3.RELEASE\spring-boot-starter-2.3.3.RELEASE.jar;C:\Users\user\.m2\repository\org\springframework\boot\spring-boot\2.3.3.RELEASE\spring-boot-2.3.3.RELEASE.jar;C:\Users\user\.m2\repository\org\springframework\boot\spring-boot-autoconfigure\2.3.3.RELEASE\spring-boot-autoconfigure-2.3.3.RELEASE.jar;C:\Users\user\.m2\repository\org\springframework\boot\spring-boot-starter-logging\2.3.3.RELEASE\spring-boot-starter-logging-2.3.3.RELEASE.jar;C:\Users\user\.m2\repository\ch\qos\logback\logback-classic\1.2.3\logback-classic-1.2.3.jar;C:\Users\user\.m2\repository\ch\qos\logback\logback-core\1.2.3\logback-core-1.2.3.jar;C:\Users\user\.m2\repository\org\apache\logging\log4j\log4j-to-slf4j\2.13.3\log4j-to-slf4j-2.13.3.jar;C:\Users\user\.m2\repository\org\apache\logging\log4j\log4j-api\2.13.3\log4j-api-2.13.3.jar;C:\Users\user\.m2\repository\org\slf4j\jul-to-slf4j\1.7.30\jul-to-slf4j-1.7.30.jar;C:\Users\user\.m2\repository\jakarta\annotation\jakarta.annotation-api\1.3.5\jakarta.annotation-api-1.3.5.jar;C:\Users\user\.m2\repository\org\yaml\snakeyaml\1.26\snakeyaml-1.26.jar;C:\Users\user\.m2\repository\org\thymeleaf\thymeleaf-spring5\3.0.11.RELEASE\thymeleaf-spring5-3.0.11.RELEASE.jar;C:\Users\user\.m2\repository\org\thymeleaf\thymeleaf\3.0.11.RELEASE\thymeleaf-3.0.11.RELEASE.jar;C:\Users\user\.m2\repository\org\attoparser\attoparser\2.0.5.RELEASE\attoparser-2.0.5.RELEASE.jar;C:\Users\user\.m2\repository\org\unbescape\unbescape\1.1.6.RELEASE\unbescape-1.1.6.RELEASE.jar;C:\Users\user\.m2\repository\org\thymeleaf\extras\thymeleaf-extras-java8time\3.0.4.RELEASE\thymeleaf-extras-java8time-3.0.4.RELEASE.jar;C:\Users\user\.m2\repository\org\springframework\boot\spring-boot-starter-web\2.3.3.RELEASE\spring-boot-starter-web-2.3.3.RELEASE.jar;C:\Users\user\.m2\repository\org\springframework\boot\spring-boot-starter-json\2.3.3.RELEASE\spring-boot-starter-json-2.3.3.RELEASE.jar;C:\Users\user\.m2\repository\com\fasterxml\jackson\core\jackson-databind\2.11.2\jackson-databind-2.11.2.jar;C:\Users\user\.m2\repository\com\fasterxml\jackson\core\jackson-annotations\2.11.2\jackson-annotations-2.11.2.jar;C:\Users\user\.m2\repository\com\fasterxml\jackson\core\jackson-core\2.11.2\jackson-core-2.11.2.jar;C:\Users\user\.m2\repository\com\fasterxml\jackson\datatype\jackson-datatype-jdk8\2.11.2\jackson-datatype-jdk8-2.11.2.jar;C:\Users\user\.m2\repository\com\fasterxml\jackson\datatype\jackson-datatype-jsr310\2.11.2\jackson-datatype-jsr310-2.11.2.jar;C:\Users\user\.m2\repository\com\fasterxml\jackson\module\jackson-module-parameter-names\2.11.2\jackson-module-parameter-names-2.11.2.jar;C:\Users\user\.m2\repository\org\springframework\boot\spring-boot-starter-tomcat\2.3.3.RELEASE\spring-boot-starter-tomcat-2.3.3.RELEASE.jar;C:\Users\user\.m2\repository\org\apache\tomcat\embed\tomcat-embed-core\9.0.37\tomcat-embed-core-9.0.37.jar;C:\Users\user\.m2\repository\org\apache\tomcat\embed\tomcat-embed-websocket\9.0.37\tomcat-embed-websocket-9.0.37.jar;C:\Users\user\.m2\repository\org\springframework\spring-web\5.2.8.RELEASE\spring-web-5.2.8.RELEASE.jar;C:\Users\user\.m2\repository\org\springframework\spring-webmvc\5.2.8.RELEASE\spring-webmvc-5.2.8.RELEASE.jar;C:\Users\user\.m2\repository\org\springframework\spring-expression\5.2.8.RELEASE\spring-expression-5.2.8.RELEASE.jar;C:\Users\user\.m2\repository\org\springframework\boot\spring-boot-starter-validation\2.3.3.RELEASE\spring-boot-starter-validation-2.3.3.RELEASE.jar;C:\Users\user\.m2\repository\org\glassfish\jakarta.el\3.0.3\jakarta.el-3.0.3.jar;C:\Users\user\.m2\repository\org\hibernate\validator\hibernate-validator\6.1.5.Final\hibernate-validator-6.1.5.Final.jar;C:\Users\user\.m2\repository\jakarta\validation\jakarta.validation-api\2.0.2\jakarta.validation-api-2.0.2.jar;C:\Users\user\.m2\repository\org\postgresql\postgresql\42.2.14\postgresql-42.2.14.jar;C:\Users\user\.m2\repository\org\projectlombok\lombok\1.18.12\lombok-1.18.12.jar;C:\Users\user\.m2\repository\org\thymeleaf\extras\thymeleaf-extras-springsecurity5\3.0.4.RELEASE\thymeleaf-extras-springsecurity5-3.0.4.RELEASE.jar;C:\Users\user\.m2\repository\org\slf4j\slf4j-api\1.7.30\slf4j-api-1.7.30.jar;C:\Users\user\.m2\repository\org\springframework\boot\spring-boot-starter-security\2.3.3.RELEASE\spring-boot-starter-security-2.3.3.RELEASE.jar;C:\Users\user\.m2\repository\org\springframework\spring-aop\5.2.8.RELEASE\spring-aop-5.2.8.RELEASE.jar;C:\Users\user\.m2\repository\org\springframework\security\spring-security-config\5.3.4.RELEASE\spring-security-config-5.3.4.RELEASE.jar;C:\Users\user\.m2\repository\org\springframework\security\spring-security-core\5.3.4.RELEASE\spring-security-core-5.3.4.RELEASE.jar;C:\Users\user\.m2\repository\org\springframework\security\spring-security-web\5.3.4.RELEASE\spring-security-web-5.3.4.RELEASE.jar;C:\Users\user\.m2\repository\jakarta\xml\bind\jakarta.xml.bind-api\2.3.3\jakarta.xml.bind-api-2.3.3.jar;C:\Users\user\.m2\repository\jakarta\activation\jakarta.activation-api\1.2.2\jakarta.activation-api-1.2.2.jar;C:\Users\user\.m2\repository\org\springframework\spring-core\5.2.8.RELEASE\spring-core-5.2.8.RELEASE.jar;C:\Users\user\.m2\repository\org\springframework\spring-jcl\5.2.8.RELEASE\spring-jcl-5.2.8.RELEASE.jar
Launcher Type: SUN_STANDARD

[Global flags]
     intx CICompilerCount                          = 3                                         {product} {ergonomic}
     uint ConcGCThreads                            = 1                                         {product} {ergonomic}
     uint G1ConcRefinementThreads                  = 4                                         {product} {ergonomic}
   size_t G1HeapRegionSize                         = 2097152                                   {product} {ergonomic}
    uintx GCDrainStackTargetSize                   = 64                                        {product} {ergonomic}
   size_t InitialHeapSize                          = 268435456                                 {product} {ergonomic}
     bool ManagementServer                         = true                                      {product} {command line}
   size_t MarkStackSize                            = 4194304                                   {product} {ergonomic}
   size_t MaxHeapSize                              = 4284481536                                {product} {ergonomic}
   size_t MaxNewSize                               = 2569011200                                {product} {ergonomic}
   size_t MinHeapDeltaBytes                        = 2097152                                   {product} {ergonomic}
   size_t MinHeapSize                              = 8388608                                   {product} {ergonomic}
    uintx NonProfiledCodeHeapSize                  = 0                                      {pd product} {ergonomic}
     bool ProfileInterpreter                       = false                                  {pd product} {command line}
    uintx ProfiledCodeHeapSize                     = 0                                      {pd product} {ergonomic}
   size_t SoftMaxHeapSize                          = 4284481536                             {manageable} {ergonomic}
     intx TieredStopAtLevel                        = 1                                         {product} {command line}
     bool UseCompressedClassPointers               = true                           {product lp64_product} {ergonomic}
     bool UseCompressedOops                        = true                           {product lp64_product} {ergonomic}
     bool UseG1GC                                  = true                                      {product} {ergonomic}
     bool UseLargePagesIndividualAllocation        = false                                  {pd product} {ergonomic}

Logging:
Log output configuration:
 #0: stdout all=warning uptime,level,tags foldmultilines=false
 #1: stderr all=off uptime,level,tags foldmultilines=false

Environment Variables:
JAVA_HOME=C:\Program Files\Java\jre1.8.0_321
PATH=C:\Program Files (x86)\Common Files\Oracle\Java\javapath;C:\Program Files\Eclipse Foundation\jdk-8.0.302.8-hotspot\bin;C:\Windows\system32;C:\Windows;C:\Windows\System32\Wbem;C:\Windows\System32\WindowsPowerShell\v1.0\;C:\Windows\System32\OpenSSH\;C:\Program Files (x86)\NVIDIA Corporation\PhysX\Common;C:\WINDOWS\system32;C:\WINDOWS;C:\WINDOWS\System32\Wbem;C:\WINDOWS\System32\WindowsPowerShell\v1.0\;C:\WINDOWS\System32\OpenSSH\;C:\Program Files\NVIDIA Corporation\NVIDIA NvDLISR;C:\Program Files\Microsoft SQL Server\Client SDK\ODBC\170\Tools\Binn\;C:\Program Files (x86)\Microsoft SQL Server\150\Tools\Binn\;C:\Program Files\Microsoft SQL Server\150\Tools\Binn\;C:\Program Files\Microsoft SQL Server\150\DTS\Binn\;C:\Program Files (x86)\Microsoft SQL Server\150\DTS\Binn\;C:\Program Files\Azure Data Studio\bin;C:\Program Files\Microsoft SQL Server\130\Tools\Binn\;C:\Program Files\Git\cmd;C:\Program Files\dotnet\;C:\Program Files\nodejs\;C:\Program Files\MySQL\MySQL Shell 8.0\bin\;C:\Ruby26-x64\bin;C:\Users\user\AppData\Local\Microsoft\WindowsApps;C:\Users\user\AppData\Local\Microsoft\WindowsApps;C:\Program Files\Azure Data Studio\bin;C:\Program Files\JetBrains\IntelliJ IDEA 2021.2.3\bin;;C:\Users\user\.dotnet\tools;C:\Users\user\AppData\Local\GitHubDesktop\bin;C:\Users\user\AppData\Roaming\npm
USERNAME=user
OS=Windows_NT
PROCESSOR_IDENTIFIER=Intel64 Family 6 Model 58 Stepping 9, GenuineIntel



---------------  S Y S T E M  ---------------

OS:
 Windows 10 , 64 bit Build 18362 (10.0.18362.1110)
OS uptime: 0 days 12:57 hours

CPU: total 4 (initial active 4) (4 cores per cpu, 1 threads per core) family 6 model 58 stepping 9 microcode 0x20, cx8, cmov, fxsr, mmx, sse, sse2, sse3, ssse3, sse4.1, sse4.2, popcnt, tsc, tscinvbit, avx, aes, erms, clmul, vzeroupper, clflush

Memory: 4k page, system-wide physical 16340M (7033M free)
TotalPageFile size 16404M (AvailPageFile size 2M)
current process WorkingSet (physical memory assigned to process): 122M, peak: 122M
current process commit charge ("private bytes"): 368M, peak: 368M

vm_info: OpenJDK 64-Bit Server VM (18.0.2+9-FR) for windows-amd64 JRE (18.0.2+9-FR), built on Jul 15 2022 20:03:03 by "Administrator" with MS VC++ 15.9 (VS2017)

END.
